<?xml version="1.0" encoding="utf-8" standalone="no"?>
<!--This file represents the results of running a test suite-->
<test-results name="D:\我的case\小布\永續網站\SVN上傳\trunk\code\FTIS.Test\bin\Debug\FTIS.Test.dll" total="1" errors="0" failures="0" not-run="0" inconclusive="0" ignored="0" skipped="0" invalid="0" date="2013-04-30" time="00:30:55">
  <environment nunit-version="2.6.0.12035" clr-version="2.0.50727.5466" os-version="Microsoft Windows NT 6.1.7601 Service Pack 1" platform="Win32NT" cwd="D:\我的case\小布\永續網站\SVN上傳\trunk\code\FTIS.Test\bin\Debug" machine-name="DADA-TOSHIBA" user="Dada" user-domain="DADA-Toshiba" />
  <culture-info current-culture="zh-TW" current-uiculture="zh-HK" />
  <test-suite type="Assembly" name="D:\我的case\小布\永續網站\SVN上傳\trunk\code\FTIS.Test\bin\Debug\FTIS.Test.dll" executed="True" result="Success" success="True" time="39.675" asserts="0">
    <results>
      <test-suite type="Namespace" name="FOTIS" executed="True" result="Success" success="True" time="39.658" asserts="0">
        <results>
          <test-suite type="Namespace" name="Test" executed="True" result="Success" success="True" time="39.658" asserts="0">
            <results>
              <test-suite type="Namespace" name="Service" executed="True" result="Success" success="True" time="39.657" asserts="0">
                <results>
                  <test-suite type="TestFixture" name="FTISService" executed="True" result="Success" success="True" time="39.655" asserts="0">
                    <results>
                      <test-case name="FOTIS.Test.Service.FTISService.Test_MasterMember" executed="True" result="Success" success="True" time="33.300" asserts="1" />
                    </results>
                  </test-suite>
                </results>
              </test-suite>
            </results>
          </test-suite>
        </results>
      </test-suite>
    </results>
  </test-suite>
</test-results>